[2023-01-09T16:38:10.252383+00:00] miApp.DEBUG: Se ha creado la persona:  Array [] []
[2023-01-09T16:38:41.042125+00:00] miApp.DEBUG: Se ha creado la persona:  Array [] []
[2023-01-09T16:59:46.722453+00:00] miApp.DEBUG: Se ha creado la persona:  Array [] []
[2023-01-09T16:59:50.120633+00:00] miApp.DEBUG: Se ha creado la persona:  Array [] []
[2023-01-09T17:11:46.229535+00:00] miApp.DEBUG: Se ha creado la persona:  dni: 44111222A nombre: Albaapellidos: Garcia Garciatelefono:  [] []
[2023-01-09T17:12:39.165117+00:00] miApp.DEBUG: Se ha creado la persona:  dni: 44111222A - nombre: Alba - apellidos: Garcia Garcia - telefono:  [] []
[2023-01-09T17:42:32.534049+00:00] miApp.DEBUG: Se ha creado la persona:  dni: 44771766N - nombre: Miguel Ángel - apellidos: Tomás Amat - telefono: 96371506 [] []
[2023-01-09T17:45:25.068393+00:00] miApp.DEBUG: Se ha creado la persona:  dni: 44771766N - nombre: Miguel Ángel - apellidos: Tomás Amat - telefono: 96371506 [] []
[2023-01-09T17:47:30.060732+00:00] miApp.DEBUG: Se ha creado la persona:  dni: 44771766N - nombre: Miguel Ángel - apellidos: Tomás Amat - telefono: 96371506 [] []
[2023-01-09T17:54:00.545613+00:00] miApp.DEBUG: Se ha creado la persona:  dni: 44771766N - nombre: Miguel Ángel - apellidos: Tomás Amat - telefono: 96371506 [] []
[2023-01-09T17:54:00.602479+00:00] miApp.DEBUG: Se ha creado la persona:  dni: 44771766N - nombre: Miguel Ángel - apellidos: Tomás Amat - telefono: 96371506 [] []
[2023-01-09T17:54:17.547900+00:00] miApp.DEBUG: Se ha creado la persona:  dni: 44771766N - nombre: Miguel Ángel - apellidos: Tomás Amat - telefono: 96371506 [] []
[2023-01-09T17:54:17.577867+00:00] miApp.DEBUG: Se ha creado la persona:  dni: 44771766N - nombre: Miguel Ángel - apellidos: Tomás Amat - telefono: 96371506 [] []
[2023-01-09T18:08:30.690653+00:00] miApp.DEBUG: Se ha creado la persona:  dni: 44771766N - nombre: Miguel Ángel - apellidos: Tomás Amat - telefono: 96371506 [] []
[2023-01-09T18:08:30.756925+00:00] miApp.DEBUG: Se ha creado la persona:  dni: 44771766N - nombre: Miguel Ángel - apellidos: Tomás Amat - telefono: 96371506 [] []
[2023-01-09T18:12:39.600670+00:00] miApp.DEBUG: Se ha creado la persona:  dni: 44771766N - nombre: Miguel Ángel - apellidos: Tomás Amat - telefono: 96371506 [] []
[2023-01-09T18:12:39.674013+00:00] miApp.DEBUG: Se ha creado la persona:  dni: 44771766N - nombre: Miguel Ángel - apellidos: Tomás Amat - telefono: 96371506 [] []
[2023-01-09T18:17:23.472727+00:00] miApp.DEBUG: Se ha creado la persona:  dni: 44771766N - nombre: Miguel Ángel - apellidos: Tomás Amat - telefono: 96371506 [] []
[2023-01-09T18:17:23.533442+00:00] miApp.DEBUG: Se ha creado la persona:  dni: 44771766N - nombre: Miguel Ángel - apellidos: Tomás Amat - telefono: 96371506 [] []
[2023-01-09T18:33:04.857755+00:00] miApp.DEBUG: Se ha creado la persona:  dni: 44771766N - nombre: Miguel Ángel - apellidos: Tomás Amat - telefono: 96371506 [] []
[2023-01-09T18:33:04.897946+00:00] miApp.DEBUG: Se ha creado la persona:  dni: 44771766N - nombre: Miguel Ángel - apellidos: Tomás Amat - telefono: 96371506 [] []
[2023-01-09T18:34:54.713223+00:00] miApp.DEBUG: Se ha creado la persona:  dni: 44771766N - nombre: Miguel Ángel - apellidos: Tomás Amat - telefono: 96371506 [] []
[2023-01-09T18:34:54.772716+00:00] miApp.DEBUG: Se ha creado la persona:  dni: 44771766N - nombre: Miguel Ángel - apellidos: Tomás Amat - telefono: 96371506 [] []
[2023-01-09T18:41:08.523646+00:00] miApp.DEBUG: Se ha creado la persona:  dni: 44771766N - nombre: Miguel Ángel - apellidos: Tomás Amat - telefono: 96371506 [] []
[2023-01-09T18:41:08.624819+00:00] miApp.DEBUG: Se ha creado la persona:  dni: 44771766N - nombre: Miguel Ángel - apellidos: Tomás Amat - telefono: 96371506 [] []
[2023-01-09T18:41:33.035261+00:00] miApp.DEBUG: Se ha creado la persona:  dni: 44771766N - nombre: Miguel Ángel - apellidos: Tomás Amat - telefono: 96371506 [] []
[2023-01-09T18:41:33.501208+00:00] miApp.DEBUG: Se ha creado la persona:  dni: 44771766N - nombre: Miguel Ángel - apellidos: Tomás Amat - telefono: 96371506 [] []
[2023-01-09T18:43:10.617243+00:00] miApp.DEBUG: Se ha creado la persona:  dni: 44771766N - nombre: Miguel Ángel - apellidos: Tomás Amat - telefono: 96371506 [] []
[2023-01-09T18:43:10.831720+00:00] miApp.DEBUG: Se ha creado la persona:  dni: 44771766N - nombre: Miguel Ángel - apellidos: Tomás Amat - telefono: 96371506 [] []
[2023-02-11T15:08:42.225880+00:00] miApp.DEBUG: Se ha creado la persona:  dni: 44111222A - nombre: Alba - apellidos: Garcia Garcia - telefono:  [] []
[2023-02-11T15:08:42.998220+00:00] miApp.DEBUG: Se ha creado la persona:  dni: 44111222A - nombre: Alba - apellidos: Garcia Garcia - telefono:  [] []
[2023-02-11T15:08:43.598967+00:00] miApp.DEBUG: Se ha creado la persona:  dni: 44111222A - nombre: Alba - apellidos: Garcia Garcia - telefono:  [] []
[2023-02-11T15:08:55.639424+00:00] miApp.DEBUG: Se ha creado la persona:  dni: 44111222A - nombre: Alba - apellidos: Garcia Garcia - telefono:  [] []
[2023-02-11T15:15:06.694296+00:00] miApp.DEBUG: Se ha creado la persona:  dni: 44111222A - nombre: Alba - apellidos: Garcia Garcia - telefono:  [] []
[2023-02-11T15:15:34.226317+00:00] miApp.DEBUG: Se ha creado la persona:  dni: 44111222A - nombre: Alba - apellidos: Garcia Garcia - telefono:  [] []
[2023-02-11T15:34:52.065282+00:00] miApp.DEBUG: Se ha creado la persona:  dni: 44111222A - nombre: Alba - apellidos: Garcia Garcia - telefono:  [] []
[2023-02-11T15:35:08.781817+00:00] miApp.DEBUG: Se ha creado la persona:  dni: 44111222A - nombre: Alba - apellidos: Garcia Garcia - telefono:  [] []
[2023-02-11T15:36:10.923577+00:00] miApp.DEBUG: Se ha creado la persona:  dni: 44111222A - nombre: Alba - apellidos: Garcia Garcia - telefono:  [] []
[2023-02-11T15:38:14.154653+00:00] miApp.DEBUG: Se ha creado la persona:  dni: 44111222A - nombre: Alba - apellidos: Garcia Garcia - telefono:  [] []
[2023-02-11T15:38:33.755413+00:00] miApp.DEBUG: Se ha creado la persona:  dni: 44111222A - nombre: Alba - apellidos: Garcia Garcia - telefono:  [] []
[2023-02-11T15:40:09.985854+00:00] miApp.DEBUG: Se ha creado la persona:  dni: 44111222A - nombre: Alba - apellidos: Garcia Garcia - telefono:  [] []
[2023-02-11T15:40:40.083250+00:00] miApp.DEBUG: Se ha creado la persona:  dni: 44111222A - nombre: Alba - apellidos: Garcia Garcia - telefono:  [] []
[2023-02-11T15:41:37.580054+00:00] miApp.DEBUG: Se ha creado la persona:  dni: 44111222A - nombre: Alba - apellidos: Garcia Garcia - telefono:  [] []
[2023-02-11T15:43:01.205009+00:00] miApp.DEBUG: Se ha creado la persona:  dni: 44111222A - nombre: Alba - apellidos: Garcia Garcia - telefono:  [] []
[2023-02-11T15:44:38.466388+00:00] miApp.DEBUG: Se ha creado la persona:  dni: 44111222A - nombre: Alba - apellidos: Garcia Garcia - telefono:  [] []
[2023-02-11T15:46:38.154611+00:00] miApp.DEBUG: Se ha creado la persona:  dni: 44111222A - nombre: Alba - apellidos: Garcia Garcia - telefono:  [] []
[2023-02-11T15:52:32.611881+00:00] miApp.DEBUG: Se ha creado la persona:  dni: 44111222A - nombre: Alba - apellidos: Garcia Garcia - telefono:  [] []
[2023-02-11T15:54:27.505925+00:00] miApp.DEBUG: Se ha creado la persona:  dni: 44111222A - nombre: Alba - apellidos: Garcia Garcia - telefono:  [] []
[2023-02-11T15:55:17.257602+00:00] miApp.DEBUG: Se ha creado la persona:  dni: 44111222A - nombre: Alba - apellidos: Garcia Garcia - telefono:  [] []
[2023-02-11T15:55:29.010133+00:00] miApp.DEBUG: Se ha creado la persona:  dni: 44111222A - nombre: Alba - apellidos: Garcia Garcia - telefono:  [] []
[2023-02-11T15:55:55.634106+00:00] miApp.DEBUG: Se ha creado la persona:  dni: 44111222A - nombre: Alba - apellidos: Garcia Garcia - telefono:  [] []
[2023-02-11T16:00:02.377188+00:00] miApp.DEBUG: Se ha creado la persona:  dni: 44111222A - nombre: Alba - apellidos: Garcia Garcia - telefono:  [] []
[2023-02-11T16:00:23.151645+00:00] miApp.DEBUG: Se ha creado la persona:  dni: 44111222A - nombre: Alba - apellidos: Garcia Garcia - telefono:  [] []
[2023-02-11T16:00:23.179939+00:00] miApp.DEBUG: Se ha creado la persona:  dni: 44111222A - nombre: Inmaculada - apellidos: Climent Villaescusa - telefono:  [] []
[2023-02-11T16:00:23.190763+00:00] miApp.DEBUG: Se ha creado la persona:  dni: 44771766H - nombre: Inmaculada - apellidos: 965431267 - telefono:  [] []
[2023-02-11T16:00:39.072185+00:00] miApp.DEBUG: Se ha creado la persona:  dni: 44111222A - nombre: Alba - apellidos: Garcia Garcia - telefono:  [] []
[2023-02-11T16:00:39.078812+00:00] miApp.DEBUG: Se ha creado la persona:  dni: 44111222A - nombre: Inmaculada - apellidos: Climent Villaescusa - telefono:  [] []
[2023-02-11T16:00:39.081210+00:00] miApp.DEBUG: Se ha creado la persona:  dni: 44771766H - nombre: Inmaculada - apellidos: 965431267 - telefono:  [] []
[2023-02-11T16:08:02.675326+00:00] miApp.DEBUG: Se ha creado la persona:  dni: 44111222A - nombre: Alba - apellidos: Garcia Garcia - telefono:  [] []
[2023-02-11T16:08:02.696840+00:00] miApp.DEBUG: Se ha creado la persona:  dni: 44771766H - nombre: Inmaculada - apellidos: 965431267 - telefono:  [] []
[2023-02-11T16:09:22.448852+00:00] miApp.DEBUG: Se ha creado la persona:  dni: 44111222A - nombre: Alba - apellidos: Garcia Garcia - telefono:  [] []
[2023-02-11T16:09:22.455839+00:00] miApp.DEBUG: Se ha creado la persona:  dni: 44771766H - nombre: Inmaculada - apellidos: 965431267 - telefono:  [] []
[2023-02-11T16:09:32.169365+00:00] miApp.DEBUG: Se ha creado la persona:  dni: 44111222A - nombre: Alba - apellidos: Garcia Garcia - telefono:  [] []
[2023-02-11T16:09:32.176216+00:00] miApp.DEBUG: Se ha creado la persona:  dni: 44771766H - nombre: Inmaculada - apellidos: 965431267 - telefono:  [] []
[2023-02-11T16:09:43.001262+00:00] miApp.DEBUG: Se ha creado la persona:  dni: 44111222A - nombre: Alba - apellidos: Garcia Garcia - telefono:  [] []
[2023-02-11T16:09:43.006440+00:00] miApp.DEBUG: Se ha creado la persona:  dni: 44771766H - nombre: Inmaculada - apellidos: 965431267 - telefono:  [] []
[2023-02-11T16:14:12.690179+00:00] miApp.DEBUG: Se ha creado la persona:  dni: 44111222A - nombre: Alba - apellidos: Garcia Garcia - telefono:  [] []
[2023-02-11T16:14:12.710027+00:00] miApp.DEBUG: Se ha creado la persona:  dni: 44771766H - nombre: Inmaculada - apellidos: 965431267 - telefono:  [] []
[2023-02-11T16:14:21.157384+00:00] miApp.DEBUG: Se ha creado la persona:  dni: 44111222A - nombre: Alba - apellidos: Garcia Garcia - telefono:  [] []
[2023-02-11T16:14:21.162987+00:00] miApp.DEBUG: Se ha creado la persona:  dni: 44771766H - nombre: Inmaculada - apellidos: 965431267 - telefono:  [] []
[2023-02-11T16:15:41.147760+00:00] miApp.DEBUG: Se ha creado la persona:  dni: 44111222A - nombre: Alba - apellidos: Garcia Garcia - telefono:  [] []
[2023-02-11T16:15:41.157604+00:00] miApp.DEBUG: Se ha creado la persona:  dni: 44771766H - nombre: Inmaculada - apellidos: 965431267 - telefono:  [] []
[2023-02-11T16:16:49.947312+00:00] miApp.DEBUG: Se ha creado la persona:  dni: 44111222A - nombre: Alba - apellidos: Garcia Garcia - telefono:  [] []
[2023-02-11T16:16:49.952742+00:00] miApp.DEBUG: Se ha creado la persona:  dni: 44111222A - nombre: Inmaculada - apellidos: Climent Villaescusa - telefono:  [] []
[2023-02-11T16:16:49.955732+00:00] miApp.DEBUG: Se ha creado la persona:  dni: 44771766H - nombre: Inmaculada - apellidos: 965431267 - telefono:  [] []
[2023-02-11T16:23:32.874328+00:00] miApp.DEBUG: Se ha creado la persona:  dni: 44111222A - nombre: Alba - apellidos: Garcia Garcia - telefono:  [] []
[2023-02-11T16:23:32.888710+00:00] miApp.DEBUG: Se ha creado la persona:  dni: 44111222A - nombre: Inmaculada - apellidos: Climent Villaescusa - telefono:  [] []
[2023-02-11T16:23:32.891738+00:00] miApp.DEBUG: Se ha creado la persona:  dni: 44771766H - nombre: Inmaculada - apellidos: 965431267 - telefono:  [] []
[2023-02-11T16:23:45.872930+00:00] miApp.DEBUG: Se ha creado la persona:  dni: 44111222A - nombre: Alba - apellidos: Garcia Garcia - telefono:  [] []
[2023-02-11T16:24:08.027903+00:00] miApp.DEBUG: Se ha creado la persona:  dni: 44111222A - nombre: Alba - apellidos: Garcia Garcia - telefono:  [] []
[2023-02-11T16:24:37.209634+00:00] miApp.DEBUG: Se ha creado la persona:  dni: 44111222A - nombre: Alba - apellidos: Garcia Garcia - telefono:  [] []
[2023-02-11T16:25:22.016576+00:00] miApp.DEBUG: Se ha creado la persona:  dni: 44111222A - nombre: Alba - apellidos: Garcia Garcia - telefono:  [] []
[2023-02-11T16:25:59.893121+00:00] miApp.DEBUG: Se ha creado la persona:  dni: 44111222A - nombre: Alba - apellidos: Garcia Garcia - telefono:  [] []
[2023-02-11T16:26:24.151717+00:00] miApp.DEBUG: Se ha creado la persona:  dni: 44111222A - nombre: Alba - apellidos: Garcia Garcia - telefono:  [] []
[2023-02-11T16:26:34.679351+00:00] miApp.DEBUG: Se ha creado la persona:  dni: 44111222A - nombre: Alba - apellidos: Garcia Garcia - telefono:  [] []
[2023-02-11T16:26:51.330397+00:00] miApp.DEBUG: Se ha creado la persona:  dni: 44111222A - nombre: Alba - apellidos: Garcia Garcia - telefono:  [] []
[2023-02-11T16:27:41.184453+00:00] miApp.DEBUG: Se ha creado la persona:  dni: 44111222A - nombre: Alba - apellidos: Garcia Garcia - telefono:  [] []
[2023-02-11T16:28:08.949953+00:00] miApp.DEBUG: Se ha creado la persona:  dni: 44111222A - nombre: Alba - apellidos: Garcia Garcia - telefono:  [] []
[2023-02-11T16:28:39.662962+00:00] miApp.DEBUG: Se ha creado la persona:  dni: 44111222A - nombre: Alba - apellidos: Garcia Garcia - telefono:  [] []
[2023-02-11T16:52:50.511102+00:00] miApp.DEBUG: Se ha creado la persona:  dni: 44111222A - nombre: Alba - apellidos: Garcia Garcia - telefono:  [] []
[2023-02-11T16:52:56.280271+00:00] miApp.DEBUG: Se ha creado la persona:  dni: 44111222A - nombre: Alba - apellidos: Garcia Garcia - telefono:  [] []
[2023-02-11T16:52:56.538896+00:00] miApp.DEBUG: Se ha creado la persona:  dni: 44111222A - nombre: Alba - apellidos: Garcia Garcia - telefono:  [] []
[2023-02-11T16:52:59.783243+00:00] miApp.DEBUG: Se ha creado la persona:  dni: 44111222A - nombre: Alba - apellidos: Garcia Garcia - telefono:  [] []
[2023-02-11T16:53:42.587884+00:00] miApp.DEBUG: Se ha creado la persona:  dni: 44111222A - nombre: Alba - apellidos: Garcia Garcia - telefono:  [] []
[2023-02-11T16:53:42.598429+00:00] miApp.DEBUG: Se ha creado la persona:  dni: 44111444A - nombre: Inmaculada - apellidos: Climent Villaescusa - telefono:  [] []
[2023-02-11T16:53:42.601762+00:00] miApp.DEBUG: Se ha creado la persona:  dni: 44111555B - nombre: Silvia - apellidos: Verdú Pina - telefono:  [] []
[2023-02-11T16:54:36.374900+00:00] miApp.DEBUG: Se ha creado la persona:  dni: 44111222A - nombre: Alba - apellidos: Garcia Garcia - telefono:  [] []
[2023-02-11T16:54:36.384356+00:00] miApp.DEBUG: Se ha creado la persona:  dni: 44111444A - nombre: Inmaculada - apellidos: Climent Villaescusa - telefono:  [] []
[2023-02-11T16:54:36.386528+00:00] miApp.DEBUG: Se ha creado la persona:  dni: 44111555B - nombre: Silvia - apellidos: Verdú Pina - telefono:  [] []
[2023-02-11T16:55:05.081830+00:00] miApp.DEBUG: Se ha creado la persona:  dni: 44111222A - nombre: Alba - apellidos: Garcia Garcia - telefono:  [] []
[2023-02-11T16:55:05.094731+00:00] miApp.DEBUG: Se ha creado la persona:  dni: 44111444A - nombre: Inmaculada - apellidos: Climent Villaescusa - telefono:  [] []
[2023-02-11T16:55:05.096626+00:00] miApp.DEBUG: Se ha creado la persona:  dni: 44111555B - nombre: Silvia - apellidos: Verdú Pina - telefono:  [] []
[2023-02-11T16:55:05.098975+00:00] miApp.DEBUG: Se ha creado la persona:  dni: 44111444A - nombre: Inmaculada - apellidos: Climent Villaescusa - telefono:  [] []
[2023-02-11T16:55:05.100650+00:00] miApp.DEBUG: Se ha creado la persona:  dni: 44111555B - nombre: Silvia - apellidos: Verdú Pina - telefono:  [] []
[2023-02-11T16:55:44.126927+00:00] miApp.DEBUG: Se ha creado la persona:  dni: 44111222A - nombre: Alba - apellidos: Garcia Garcia - telefono:  [] []
[2023-02-11T16:55:44.137904+00:00] miApp.DEBUG: Se ha creado la persona:  dni: 44111444A - nombre: Inmaculada - apellidos: Climent Villaescusa - telefono:  [] []
[2023-02-11T16:55:44.140095+00:00] miApp.DEBUG: Se ha creado la persona:  dni: 44111555B - nombre: Silvia - apellidos: Verdú Pina - telefono:  [] []
[2023-02-11T16:55:44.142120+00:00] miApp.DEBUG: Se ha creado la persona:  dni: 44111444A - nombre: Inmaculada - apellidos: Climent Villaescusa - telefono:  [] []
[2023-02-11T16:55:44.144929+00:00] miApp.DEBUG: Se ha creado la persona:  dni: 44111555B - nombre: Silvia - apellidos: Verdú Pina - telefono:  [] []
[2023-02-11T16:55:45.097705+00:00] miApp.DEBUG: Se ha creado la persona:  dni: 44111222A - nombre: Alba - apellidos: Garcia Garcia - telefono:  [] []
[2023-02-11T16:55:45.104991+00:00] miApp.DEBUG: Se ha creado la persona:  dni: 44111444A - nombre: Inmaculada - apellidos: Climent Villaescusa - telefono:  [] []
[2023-02-11T16:55:45.107706+00:00] miApp.DEBUG: Se ha creado la persona:  dni: 44111555B - nombre: Silvia - apellidos: Verdú Pina - telefono:  [] []
[2023-02-11T16:55:45.110338+00:00] miApp.DEBUG: Se ha creado la persona:  dni: 44111444A - nombre: Inmaculada - apellidos: Climent Villaescusa - telefono:  [] []
[2023-02-11T16:55:45.112922+00:00] miApp.DEBUG: Se ha creado la persona:  dni: 44111555B - nombre: Silvia - apellidos: Verdú Pina - telefono:  [] []
[2023-02-11T16:57:15.997226+00:00] miApp.DEBUG: Se ha creado la persona:  dni: 44111222A - nombre: Alba - apellidos: Garcia Garcia - telefono:  [] []
[2023-02-11T16:57:16.010076+00:00] miApp.DEBUG: Se ha creado la persona:  dni: 44111444A - nombre: Inmaculada - apellidos: Climent Villaescusa - telefono:  [] []
[2023-02-11T16:57:16.011293+00:00] miApp.DEBUG: Se ha creado la persona:  dni: 44111555B - nombre: Silvia - apellidos: Verdú Pina - telefono:  [] []
[2023-02-11T16:57:32.229683+00:00] miApp.DEBUG: Se ha creado la persona:  dni: 44111222A - nombre: Alba - apellidos: Garcia Garcia - telefono:  [] []
[2023-02-11T16:57:32.243801+00:00] miApp.DEBUG: Se ha creado la persona:  dni: 44111444A - nombre: Inmaculada - apellidos: Climent Villaescusa - telefono:  [] []
[2023-02-11T16:57:32.246255+00:00] miApp.DEBUG: Se ha creado la persona:  dni: 44111555B - nombre: Silvia - apellidos: Verdú Pina - telefono:  [] []
[2023-02-11T16:58:08.016287+00:00] miApp.DEBUG: Se ha creado la persona:  dni: 44111222A - nombre: Alba - apellidos: Garcia Garcia - telefono:  [] []
[2023-02-11T16:58:08.026757+00:00] miApp.DEBUG: Se ha creado la persona:  dni: 44111444A - nombre: Inmaculada - apellidos: Climent Villaescusa - telefono:  [] []
[2023-02-11T16:58:08.029537+00:00] miApp.DEBUG: Se ha creado la persona:  dni: 44111555B - nombre: Silvia - apellidos: Verdú Pina - telefono:  [] []
[2023-02-11T17:00:28.590515+00:00] miApp.DEBUG: Se ha creado la persona:  dni: 44111222A - nombre: Alba - apellidos: Garcia Garcia - telefono:  [] []
[2023-02-11T17:00:28.602893+00:00] miApp.DEBUG: Se ha creado la persona:  dni: 44111444A - nombre: Inmaculada - apellidos: Climent Villaescusa - telefono:  [] []
[2023-02-11T17:00:28.605043+00:00] miApp.DEBUG: Se ha creado la persona:  dni: 44111555B - nombre: Silvia - apellidos: Verdú Pina - telefono:  [] []
[2023-02-12T19:11:17.062317+00:00] miApp.DEBUG: Se ha creado la persona:  dni: 44111222A - nombre: Alba - apellidos: Garcia Garcia - telefono:  [] []
[2023-02-12T19:28:09.671750+00:00] miApp.DEBUG: Se ha creado la persona:  dni: 44111222A - nombre: Alba - apellidos: Garcia Garcia - telefono:  [] []
[2023-02-12T19:28:37.330331+00:00] miApp.DEBUG: Se ha creado la persona:  dni: 44111222A - nombre: Alba - apellidos: Garcia Garcia - telefono:  [] []
[2023-02-12T19:29:50.330854+00:00] miApp.DEBUG: Se ha creado la persona:  dni: 44111222A - nombre: Alba - apellidos: Garcia Garcia - telefono:  [] []
[2023-02-12T19:30:58.472850+00:00] miApp.DEBUG: Se ha creado la persona:  dni: 44111222A - nombre: Alba - apellidos: Garcia Garcia - telefono:  [] []
[2023-02-12T19:32:34.911613+00:00] miApp.DEBUG: Se ha creado la persona:  dni: 44111222A - nombre: Alba - apellidos: Garcia Garcia - telefono:  [] []
[2023-02-12T19:33:11.751431+00:00] miApp.DEBUG: Se ha creado la persona:  dni: 44111222A - nombre: Alba - apellidos: Garcia Garcia - telefono:  [] []
[2023-02-12T19:33:43.688027+00:00] miApp.DEBUG: Se ha creado la persona:  dni: 44111222A - nombre: Alba - apellidos: Garcia Garcia - telefono:  [] []
[2023-02-12T19:34:13.064082+00:00] miApp.DEBUG: Se ha creado la persona:  dni: 44111222A - nombre: Alba - apellidos: Garcia Garcia - telefono:  [] []
[2023-02-12T19:34:13.086650+00:00] miApp.DEBUG: Se ha creado la persona:  dni: 44111222A - nombre: Inmaculada - apellidos: Climent Villaescusa - telefono:  [] []
[2023-02-12T19:34:58.248704+00:00] miApp.DEBUG: Se ha creado la persona:  dni: 44111222A - nombre: Alba - apellidos: Garcia Garcia - telefono:  [] []
[2023-02-12T19:34:58.256972+00:00] miApp.DEBUG: Se ha creado la persona:  dni: 44111222A - nombre: Inmaculada - apellidos: Climent Villaescusa - telefono:  [] []
[2023-02-12T19:35:32.981455+00:00] miApp.DEBUG: Se ha creado la persona:  dni: 44111222A - nombre: Alba - apellidos: Garcia Garcia - telefono:  [] []
[2023-02-12T19:35:32.988216+00:00] miApp.DEBUG: Se ha creado la persona:  dni: 44111222A - nombre: Inmaculada - apellidos: Climent Villaescusa - telefono:  [] []
[2023-02-12T19:36:42.598732+00:00] miApp.DEBUG: Se ha creado la persona:  dni: 44111222A - nombre: Alba - apellidos: Garcia Garcia - telefono:  [] []
[2023-02-12T19:36:42.610047+00:00] miApp.DEBUG: Se ha creado la persona:  dni: 44111222A - nombre: Inmaculada - apellidos: Climent Villaescusa - telefono:  [] []
[2023-02-12T19:37:15.629015+00:00] miApp.DEBUG: Se ha creado la persona:  dni: 44111222A - nombre: Alba - apellidos: Garcia Garcia - telefono:  [] []
[2023-02-12T19:37:15.637666+00:00] miApp.DEBUG: Se ha creado la persona:  dni: 44111222A - nombre: Inmaculada - apellidos: Climent Villaescusa - telefono:  [] []
[2023-02-12T19:37:31.183305+00:00] miApp.DEBUG: Se ha creado la persona:  dni: 44111222A - nombre: Alba - apellidos: Garcia Garcia - telefono:  [] []
[2023-02-12T19:37:52.237904+00:00] miApp.DEBUG: Se ha creado la persona:  dni: 44111222A - nombre: Alba - apellidos: Garcia Garcia - telefono:  [] []
[2023-02-12T19:38:16.928673+00:00] miApp.DEBUG: Se ha creado la persona:  dni: 44111222A - nombre: Alba - apellidos: Garcia Garcia - telefono:  [] []
[2023-02-12T19:39:06.250243+00:00] miApp.DEBUG: Se ha creado la persona:  dni: 44111222A - nombre: Alba - apellidos: Garcia Garcia - telefono:  [] []
[2023-02-12T19:39:06.258362+00:00] miApp.DEBUG: Se ha creado la persona:  dni: 44111222A - nombre: Inmaculada - apellidos: Climent Villaescusa - telefono:  [] []
[2023-02-12T19:39:22.593703+00:00] miApp.DEBUG: Se ha creado la persona:  dni: 44111222A - nombre: Alba - apellidos: Garcia Garcia - telefono:  [] []
[2023-02-12T19:39:29.166425+00:00] miApp.DEBUG: Se ha creado la persona:  dni: 44111222A - nombre: Alba - apellidos: Garcia Garcia - telefono:  [] []
[2023-02-12T19:48:38.265202+00:00] miApp.DEBUG: Se ha creado la persona:  dni: 44111222A - nombre: Alba - apellidos: Garcia Garcia - telefono:  [] []
[2023-02-12T19:49:18.801285+00:00] miApp.DEBUG: Se ha creado la persona:  dni: 44111222A - nombre: Alba - apellidos: Garcia Garcia - telefono:  [] []
[2023-02-12T19:49:22.901290+00:00] miApp.DEBUG: Se ha creado la persona:  dni: 44111222A - nombre: Alba - apellidos: Garcia Garcia - telefono:  [] []
[2023-02-12T19:49:37.553233+00:00] miApp.DEBUG: Se ha creado la persona:  dni: 44111222A - nombre: Alba - apellidos: Garcia Garcia - telefono:  [] []
[2023-02-12T19:49:49.730936+00:00] miApp.DEBUG: Se ha creado la persona:  dni: 44111222A - nombre: Alba - apellidos: Garcia Garcia - telefono:  [] []
[2023-02-12T19:50:36.975697+00:00] miApp.DEBUG: Se ha creado la persona:  dni: 44111222A - nombre: Alba - apellidos: Garcia Garcia - telefono:  [] []
[2023-02-12T19:51:06.982741+00:00] miApp.DEBUG: Se ha creado la persona:  dni: 44111222A - nombre: Alba - apellidos: Garcia Garcia - telefono:  [] []
